2025-03-26 10:17:13,513 - __main__ - INFO - Received request: Open Chrome browser (Session: None)
2025-03-26 10:17:16,339 - __main__ - INFO - Generated code for function: open_chrome
2025-03-26 10:19:28,439 - __main__ - INFO - Received request: Open calculator (Session: None)
2025-03-26 10:19:30,378 - __main__ - INFO - Generated code for function: open_calculator
2025-03-26 10:19:43,333 - __main__ - INFO - Received request: Check CPU usage (Session: None)
2025-03-26 10:19:43,816 - __main__ - INFO - Generated code for function: retrieve_cpu_usage
2025-03-26 10:33:08,659 - __main__ - INFO - Received request: Open Chrome browser (Session: None)
2025-03-26 10:33:10,457 - __main__ - INFO - Generated code for function: open_chrome
2025-03-26 10:34:30,814 - __main__ - INFO - Received request: Open calculator (Session: None)
2025-03-26 10:34:32,789 - __main__ - INFO - Generated code for function: open_calculator
2025-03-26 10:38:21,728 - __main__ - INFO - Received request: Open calculator (Session: None)
2025-03-26 10:38:23,263 - __main__ - INFO - Generated code for function: open_calculator
2025-03-26 10:42:41,456 - __main__ - INFO - Received request: string (Session: string)
2025-03-26 10:42:43,216 - __main__ - INFO - Generated code for function: execute_shell_command
2025-03-26 10:49:25,212 - __main__ - INFO - Received request: Calculator code (Session: None)
2025-03-26 10:49:26,856 - __main__ - INFO - Generated code for function: open_calculator
2025-03-26 10:50:04,263 - __main__ - INFO - Received request: string (Session: string)
2025-03-26 10:50:04,611 - __main__ - INFO - Generated code for function: execute_shell_command
2025-03-26 10:50:23,556 - __main__ - INFO - Received request: Open calculator (Session: None)
2025-03-26 10:50:24,071 - __main__ - INFO - Generated code for function: open_calculator
2025-03-26 11:12:30,758 - __main__ - INFO - Received request: Open calculator (Session: None)
2025-03-26 11:12:32,576 - __main__ - INFO - Generated code for function: open_calculator
2025-03-26 11:50:40,074 - __main__ - INFO - Received request: Open calculator (Session: None)
2025-03-26 11:50:42,085 - __main__ - INFO - Generated code for function: open_calculator
2025-03-26 11:52:11,258 - __main__ - INFO - Received request: Open calculator (Session: None)
2025-03-26 11:52:12,865 - __main__ - INFO - Generated code for function: open_calculator
2025-03-26 12:08:55,093 - __main__ - INFO - Received request: Open calculator (Session: None)
2025-03-26 12:08:57,877 - __main__ - INFO - Generated code for function: open_calculator
2025-03-26 12:25:30,468 - __main__ - INFO - Received request: Open calculator (Session: None)
2025-03-26 12:25:32,965 - __main__ - INFO - Generated code for function: open_calculator
